9.0360 	INFO 	Loaded monitor calibration from ['2025_02_10 10:36']
9.6277 	EXP 	Created window1 = Window(allowGUI=True, allowStencil=False, autoLog=True, backendConf=UNKNOWN, backgroundFit=<method-wrapper '__getattribute__' of attributeSetter object at 0x7ae56c69dbd0>, backgroundImage=<method-wrapper '__getattribute__' of attributeSetter object at 0x7ae56c69db70>, bitsMode=UNKNOWN, blendMode='avg', bpc=(8, 8, 8), color=array([1, 1, 1]), colorSpace='rgb', depthBits=8, fullscr=True, gamma=None, gammaErrorPolicy='raise', infoMsg=UNKNOWN, lms=UNKNOWN, monitor=<psychopy.monitors.calibTools.Monitor object at 0x7ae56c147700>, multiSample=False, name='window1', numSamples=2, pos=[0.0, 0.0], screen=0, size=array([1920, 1080]), stencilBits=0, stereo=False, title='PsychoPy', units='pix', useFBO=True, useRetina=False, viewOri=0.0, viewPos=None, viewScale=None, waitBlanking=True, winType='pyglet')
9.6278 	EXP 	window1: backgroundImage = ''
9.6278 	EXP 	window1: backgroundFit = 'none'
9.7365 	EXP 	window1: Attempting to measure frame rate of screen (0) ...
9.7365 	EXP 	window1: recordFrameIntervals = False
9.9178 	EXP 	window1: recordFrameIntervals = True
10.1011 	EXP 	Screen (0) actual frame rate measured at 60.08Hz
10.1011 	EXP 	window1: recordFrameIntervals = False
10.1093 	INFO 	keyboard.Keyboard is using ptb backend.
10.1096 	INFO 	keyboard.Keyboard is using ptb backend.
10.1101 	INFO 	keyboard.Keyboard is using ptb backend.
10.1103 	INFO 	keyboard.Keyboard is using ptb backend.
10.1104 	INFO 	keyboard.Keyboard is using ptb backend.
10.1106 	INFO 	keyboard.Keyboard is using ptb backend.
10.1107 	INFO 	keyboard.Keyboard is using ptb backend.
10.1109 	INFO 	keyboard.Keyboard is using ptb backend.
10.1110 	INFO 	keyboard.Keyboard is using ptb backend.
10.1111 	INFO 	keyboard.Keyboard is using ptb backend.
10.1112 	INFO 	keyboard.Keyboard is using ptb backend.
10.1114 	INFO 	keyboard.Keyboard is using ptb backend.
10.1115 	INFO 	keyboard.Keyboard is using ptb backend.
10.1116 	INFO 	keyboard.Keyboard is using ptb backend.
10.1118 	INFO 	keyboard.Keyboard is using ptb backend.
10.1119 	INFO 	keyboard.Keyboard is using ptb backend.
10.1119 	EXP 	line_categorization_exp_updated: status = STARTED
10.2282 	EXP 	Created consent_img = ImageStim(__class__=<class 'psychopy.visual.image.ImageStim'>, anchor=('center', 'bottom'), autoLog=True, color=array([1., 1., 1.]), colorSpace='rgb', contrast=1.0, depth=-2.0, draggable=False, flipHoriz=False, flipVert=False, image='consent.png', interpolate=True, mask=None, maskParams=None, name='consent_img', opacity=1, ori=0.0, pos=array([   0., -475.]), size=array([ 825., 1000.]), texRes=128.0, units='pix', win=Window(...))
10.3877 	EXP 	Created instr1_1 = TextStim(__class__=<class 'psychopy.visual.text.TextStim'>, alignHoriz=method-wrapper(...), alignText='center', alignVert=method-wrapper(...), anchorHoriz='center', anchorVert='center', antialias=True, autoDraw=False, autoLog=True, bold=False, color=array([-1., -1., -1.]), colorSpace='rgb', contrast=1.0, depth=0.0, draggable=False, flipHoriz=False, flipVert=False, font='Open Sans', fontFiles=[], height=20.0, italic=False, languageStyle='LTR', name='instr1_1', opacity=1, ori=0.0, pos=array([  0., 400.]), rgb=UNKNOWN, text=str(...), units='pix', win=Window(...), wrapWidth=500)
10.3985 	EXP 	Created instr_1_2 = TextStim(__class__=<class 'psychopy.visual.text.TextStim'>, alignHoriz=method-wrapper(...), alignText='center', alignVert=method-wrapper(...), anchorHoriz='center', anchorVert='center', antialias=True, autoDraw=False, autoLog=True, bold=False, color=array([-1., -1., -1.]), colorSpace='rgb', contrast=1.0, depth=-1.0, draggable=False, flipHoriz=False, flipVert=False, font='Open Sans', fontFiles=[], height=20.0, italic=False, languageStyle='LTR', name='instr_1_2', opacity=1, ori=0.0, pos=array([  0., 200.]), rgb=UNKNOWN, text=str(...), units='pix', win=Window(...), wrapWidth=500)
10.4027 	EXP 	Created instr1_line1 = Line(__class__=<class 'psychopy.visual.line.Line'>, anchor=('center', 'center'), autoDraw=False, autoLog=True, closeShape=False, color=array([-1., -1., -1.]), colorSpace='rgb', contrast=None, depth=-2.0, draggable=False, fillColor=array([0, 0, 0]), fillColorSpace='rgb', fillRGB=array([0, 0, 0]), interpolate=True, lineColor=array([-1., -1., -1.]), lineColorSpace='rgb', lineRGB=array([-1, -1, -1]), lineWidth=2, name='instr1_line1', opacity=1.0, ori=90.0, pos=array([ 0., 75.]), size=array([90.,  2.]), units='pix', vertices=array([[-0.5, -0.5],
       [ 0.5,  0.5]]), win=Window(...), windingRule=None)
10.4060 	EXP 	Created instr1_line2 = Line(__class__=<class 'psychopy.visual.line.Line'>, anchor=('center', 'center'), autoDraw=False, autoLog=True, closeShape=False, color=array([-1., -1., -1.]), colorSpace='rgb', contrast=None, depth=-3.0, draggable=False, fillColor=array([0, 0, 0]), fillColorSpace='rgb', fillRGB=array([0, 0, 0]), interpolate=True, lineColor=array([-1., -1., -1.]), lineColorSpace='rgb', lineRGB=array([-1, -1, -1]), lineWidth=2, name='instr1_line2', opacity=1, ori=90.0, pos=array([50., 10.]), size=array([150.,   2.]), units='pix', vertices=array([[-0.5, -0.5],
       [ 0.5,  0.5]]), win=Window(...), windingRule=None)
10.4126 	EXP 	Created instr_1_3 = TextStim(__class__=<class 'psychopy.visual.text.TextStim'>, alignHoriz=method-wrapper(...), alignText='center', alignVert=method-wrapper(...), anchorHoriz='center', anchorVert='center', antialias=True, autoDraw=False, autoLog=True, bold=False, color=array([-1., -1., -1.]), colorSpace='rgb', contrast=1.0, depth=-5.0, draggable=False, flipHoriz=False, flipVert=False, font='Open Sans', fontFiles=[], height=20.0, italic=False, languageStyle='LTR', name='instr_1_3', opacity=1, ori=0.0, pos=array([   0., -100.]), rgb=UNKNOWN, text="Press 'space' to continue.", units='pix', win=Window(...), wrapWidth=500)
10.4212 	EXP 	Created instr2_1 = TextStim(__class__=<class 'psychopy.visual.text.TextStim'>, alignHoriz=method-wrapper(...), alignText='center', alignVert=method-wrapper(...), anchorHoriz='center', anchorVert='center', antialias=True, autoDraw=False, autoLog=True, bold=False, color=array([-1., -1., -1.]), colorSpace='rgb', contrast=1.0, depth=0.0, draggable=False, flipHoriz=False, flipVert=False, font='Open Sans', fontFiles=[], height=20.0, italic=False, languageStyle='LTR', name='instr2_1', opacity=1, ori=0.0, pos=array([  0., 400.]), rgb=UNKNOWN, text=str(...), units='pix', win=Window(...), wrapWidth=500)
10.4363 	EXP 	Created instr2_2 = TextStim(__class__=<class 'psychopy.visual.text.TextStim'>, alignHoriz=method-wrapper(...), alignText='center', alignVert=method-wrapper(...), anchorHoriz='center', anchorVert='center', antialias=True, autoDraw=False, autoLog=True, bold=False, color=array([-1., -1., -1.]), colorSpace='rgb', contrast=1.0, depth=-1.0, draggable=False, flipHoriz=False, flipVert=False, font='Open Sans', fontFiles=[], height=20.0, italic=False, languageStyle='LTR', name='instr2_2', opacity=1, ori=0.0, pos=array([  0., 200.]), rgb=UNKNOWN, text=str(...), units='pix', win=Window(...), wrapWidth=500)
10.4462 	EXP 	Created instr2_3 = TextStim(__class__=<class 'psychopy.visual.text.TextStim'>, alignHoriz=method-wrapper(...), alignText='center', alignVert=method-wrapper(...), anchorHoriz='center', anchorVert='center', antialias=True, autoDraw=False, autoLog=True, bold=False, color=array([-1., -1., -1.]), colorSpace='rgb', contrast=1.0, depth=-2.0, draggable=False, flipHoriz=False, flipVert=False, font='Open Sans', fontFiles=[], height=20.0, italic=False, languageStyle='LTR', name='instr2_3', opacity=1, ori=0.0, pos=array([0., 0.]), rgb=UNKNOWN, text=str(...), units='pix', win=Window(...), wrapWidth=500)
10.4533 	EXP 	Created instr2_4 = TextStim(__class__=<class 'psychopy.visual.text.TextStim'>, alignHoriz=method-wrapper(...), alignText='center', alignVert=method-wrapper(...), anchorHoriz='center', anchorVert='center', antialias=True, autoDraw=False, autoLog=True, bold=False, color=array([-1., -1., -1.]), colorSpace='rgb', contrast=1.0, depth=-3.0, draggable=False, flipHoriz=False, flipVert=False, font='Open Sans', fontFiles=[], height=20.0, italic=False, languageStyle='LTR', name='instr2_4', opacity=1, ori=0.0, pos=array([   0., -150.]), rgb=UNKNOWN, text="Press 'space' to continue the instructions.", units='pix', win=Window(...), wrapWidth=500)
10.4679 	EXP 	Created instr3_1 = TextStim(__class__=<class 'psychopy.visual.text.TextStim'>, alignHoriz=method-wrapper(...), alignText='center', alignVert=method-wrapper(...), anchorHoriz='center', anchorVert='center', antialias=True, autoDraw=False, autoLog=True, bold=False, color=array([-1., -1., -1.]), colorSpace='rgb', contrast=1.0, depth=0.0, draggable=False, flipHoriz=False, flipVert=False, font='Open Sans', fontFiles=[], height=30.0, italic=False, languageStyle='LTR', name='instr3_1', opacity=1, ori=0.0, pos=array([  0., 400.]), rgb=UNKNOWN, text='Learning the category', units='pix', win=Window(...), wrapWidth=500)
10.4813 	EXP 	Created instr3_2 = TextStim(__class__=<class 'psychopy.visual.text.TextStim'>, alignHoriz=method-wrapper(...), alignText='center', alignVert=method-wrapper(...), anchorHoriz='center', anchorVert='center', antialias=True, autoDraw=False, autoLog=True, bold=False, color=array([-1., -1., -1.]), colorSpace='rgb', contrast=1.0, depth=-1.0, draggable=False, flipHoriz=False, flipVert=False, font='Open Sans', fontFiles=[], height=20.0, italic=False, languageStyle='LTR', name='instr3_2', opacity=1, ori=0.0, pos=array([  0., 200.]), rgb=UNKNOWN, text=str(...), units='pix', win=Window(...), wrapWidth=500)
10.4946 	EXP 	Created instr3_3 = TextStim(__class__=<class 'psychopy.visual.text.TextStim'>, alignHoriz=method-wrapper(...), alignText='center', alignVert=method-wrapper(...), anchorHoriz='center', anchorVert='center', antialias=True, autoDraw=False, autoLog=True, bold=False, color=array([-1., -1., -1.]), colorSpace='rgb', contrast=1.0, depth=-2.0, draggable=False, flipHoriz=False, flipVert=False, font='Open Sans', fontFiles=[], height=20.0, italic=False, languageStyle='LTR', name='instr3_3', opacity=1, ori=0.0, pos=array([0., 0.]), rgb=UNKNOWN, text=str(...), units='pix', win=Window(...), wrapWidth=500)
10.5006 	EXP 	Created instr3_4 = TextStim(__class__=<class 'psychopy.visual.text.TextStim'>, alignHoriz=method-wrapper(...), alignText='center', alignVert=method-wrapper(...), anchorHoriz='center', anchorVert='center', antialias=True, autoDraw=False, autoLog=True, bold=False, color=array([-1., -1., -1.]), colorSpace='rgb', contrast=1.0, depth=-3.0, draggable=False, flipHoriz=False, flipVert=False, font='Open Sans', fontFiles=[], height=20.0, italic=False, languageStyle='LTR', name='instr3_4', opacity=1, ori=0.0, pos=array([   0., -100.]), rgb=UNKNOWN, text=str(...), units='pix', win=Window(...), wrapWidth=500)
10.5045 	EXP 	Created fixation_cross = ShapeStim(__class__=<class 'psychopy.visual.shape.ShapeStim'>, anchor=('center', 'center'), autoDraw=False, autoLog=True, closeShape=True, color=method-wrapper(...), colorSpace='rgb', contrast=None, depth=-5.0, draggable=False, fillColor=array([-1, -1, -1]), fillColorSpace='rgb', fillRGB=array([-1, -1, -1]), interpolate=True, lineColor=array([-1., -1., -1.]), lineColorSpace='rgb', lineRGB=array([-1, -1, -1]), lineWidth=2.0, name='fixation_cross', opacity=1, ori=0.0, pos=array([0., 0.]), size=array([5., 5.]), units='pix', vertices=ndarray(...), win=Window(...), windingRule=None)
10.5185 	EXP 	Created instr4_1 = TextStim(__class__=<class 'psychopy.visual.text.TextStim'>, alignHoriz=method-wrapper(...), alignText='center', alignVert=method-wrapper(...), anchorHoriz='center', anchorVert='center', antialias=True, autoDraw=False, autoLog=True, bold=False, color=array([-1., -1., -1.]), colorSpace='rgb', contrast=1.0, depth=0.0, draggable=False, flipHoriz=False, flipVert=False, font='Open Sans', fontFiles=[], height=20.0, italic=False, languageStyle='LTR', name='instr4_1', opacity=1, ori=0.0, pos=array([  0., 400.]), rgb=UNKNOWN, text=str(...), units='pix', win=Window(...), wrapWidth=500)
10.5318 	EXP 	Created instr4_2 = TextStim(__class__=<class 'psychopy.visual.text.TextStim'>, alignHoriz=method-wrapper(...), alignText='center', alignVert=method-wrapper(...), anchorHoriz='center', anchorVert='center', antialias=True, autoDraw=False, autoLog=True, bold=False, color=array([-1., -1., -1.]), colorSpace='rgb', contrast=1.0, depth=-1.0, draggable=False, flipHoriz=False, flipVert=False, font='Open Sans', fontFiles=[], height=20.0, italic=False, languageStyle='LTR', name='instr4_2', opacity=1, ori=0.0, pos=array([  0., 200.]), rgb=UNKNOWN, text=str(...), units='pix', win=Window(...), wrapWidth=500)
10.5380 	EXP 	Created instr4_3 = TextStim(__class__=<class 'psychopy.visual.text.TextStim'>, alignHoriz=method-wrapper(...), alignText='center', alignVert=method-wrapper(...), anchorHoriz='center', anchorVert='center', antialias=True, autoDraw=False, autoLog=True, bold=False, color=array([-1., -1., -1.]), colorSpace='rgb', contrast=1.0, depth=-2.0, draggable=False, flipHoriz=False, flipVert=False, font='Open Sans', fontFiles=[], height=20.0, italic=False, languageStyle='LTR', name='instr4_3', opacity=1, ori=0.0, pos=array([0., 0.]), rgb=UNKNOWN, text='With that being said, please try do your best.', units='pix', win=Window(...), wrapWidth=500)
10.5444 	EXP 	Created instr4_4 = TextStim(__class__=<class 'psychopy.visual.text.TextStim'>, alignHoriz=method-wrapper(...), alignText='center', alignVert=method-wrapper(...), anchorHoriz='center', anchorVert='center', antialias=True, autoDraw=False, autoLog=True, bold=False, color=array([-1., -1., -1.]), colorSpace='rgb', contrast=1.0, depth=-3.0, draggable=False, flipHoriz=False, flipVert=False, font='Open Sans', fontFiles=[], height=20.0, italic=False, languageStyle='LTR', name='instr4_4', opacity=1, ori=0.0, pos=array([   0., -100.]), rgb=UNKNOWN, text="Press 'space' to continue the instructions.", units='pix', win=Window(...), wrapWidth=500)
10.5561 	EXP 	Created instr5_1 = TextStim(__class__=<class 'psychopy.visual.text.TextStim'>, alignHoriz=method-wrapper(...), alignText='center', alignVert=method-wrapper(...), anchorHoriz='center', anchorVert='center', antialias=True, autoDraw=False, autoLog=True, bold=False, color=array([-1., -1., -1.]), colorSpace='rgb', contrast=1.0, depth=0.0, draggable=False, flipHoriz=False, flipVert=False, font='Open Sans', fontFiles=[], height=20.0, italic=False, languageStyle='LTR', name='instr5_1', opacity=1, ori=0.0, pos=array([  0., 400.]), rgb=UNKNOWN, text=str(...), units='pix', win=Window(...), wrapWidth=500)
10.5642 	EXP 	Created instr5_2 = TextStim(__class__=<class 'psychopy.visual.text.TextStim'>, alignHoriz=method-wrapper(...), alignText='center', alignVert=method-wrapper(...), anchorHoriz='center', anchorVert='center', antialias=True, autoDraw=False, autoLog=True, bold=False, color=array([-1., -1., -1.]), colorSpace='rgb', contrast=1.0, depth=-1.0, draggable=False, flipHoriz=False, flipVert=False, font='Open Sans', fontFiles=[], height=20.0, italic=False, languageStyle='LTR', name='instr5_2', opacity=1, ori=0.0, pos=array([  0., 200.]), rgb=UNKNOWN, text=str(...), units='pix', win=Window(...), wrapWidth=500)
10.5708 	EXP 	Created instr5_3 = TextStim(__class__=<class 'psychopy.visual.text.TextStim'>, alignHoriz=method-wrapper(...), alignText='center', alignVert=method-wrapper(...), anchorHoriz='center', anchorVert='center', antialias=True, autoDraw=False, autoLog=True, bold=False, color=array([-1., -1., -1.]), colorSpace='rgb', contrast=1.0, depth=-2.0, draggable=False, flipHoriz=False, flipVert=False, font='Open Sans', fontFiles=[], height=20.0, italic=False, languageStyle='LTR', name='instr5_3', opacity=1, ori=0.0, pos=array([0., 0.]), rgb=UNKNOWN, text="Press 'space' to continue the instructions.", units='pix', win=Window(...), wrapWidth=500)
10.5816 	EXP 	Created instr6_1 = TextStim(__class__=<class 'psychopy.visual.text.TextStim'>, alignHoriz=method-wrapper(...), alignText='center', alignVert=method-wrapper(...), anchorHoriz='center', anchorVert='center', antialias=True, autoDraw=False, autoLog=True, bold=False, color=array([-1., -1., -1.]), colorSpace='rgb', contrast=1.0, depth=0.0, draggable=False, flipHoriz=False, flipVert=False, font='Open Sans', fontFiles=[], height=20.0, italic=False, languageStyle='LTR', name='instr6_1', opacity=1, ori=0.0, pos=array([  0., 400.]), rgb=UNKNOWN, text=str(...), units='pix', win=Window(...), wrapWidth=500)
10.5910 	EXP 	Created instr6_2 = TextStim(__class__=<class 'psychopy.visual.text.TextStim'>, alignHoriz=method-wrapper(...), alignText='center', alignVert=method-wrapper(...), anchorHoriz='center', anchorVert='center', antialias=True, autoDraw=False, autoLog=True, bold=False, color=array([-1., -1., -1.]), colorSpace='rgb', contrast=1.0, depth=-1.0, draggable=False, flipHoriz=False, flipVert=False, font='Open Sans', fontFiles=[], height=20.0, italic=False, languageStyle='LTR', name='instr6_2', opacity=1, ori=0.0, pos=array([  0., 200.]), rgb=UNKNOWN, text=str(...), units='pix', win=Window(...), wrapWidth=500)
10.5974 	EXP 	Created instr6_3 = TextStim(__class__=<class 'psychopy.visual.text.TextStim'>, alignHoriz=method-wrapper(...), alignText='center', alignVert=method-wrapper(...), anchorHoriz='center', anchorVert='center', antialias=True, autoDraw=False, autoLog=True, bold=False, color=array([-1., -1., -1.]), colorSpace='rgb', contrast=1.0, depth=-2.0, draggable=False, flipHoriz=False, flipVert=False, font='Open Sans', fontFiles=[], height=20.0, italic=False, languageStyle='LTR', name='instr6_3', opacity=1, ori=0.0, pos=array([0., 0.]), rgb=UNKNOWN, text=str(...), units='pix', win=Window(...), wrapWidth=500)
10.6035 	EXP 	Created learn_start_text = TextStim(__class__=<class 'psychopy.visual.text.TextStim'>, alignHoriz=method-wrapper(...), alignText='center', alignVert=method-wrapper(...), anchorHoriz='center', anchorVert='center', antialias=True, autoDraw=False, autoLog=True, bold=False, color=array([-1., -1., -1.]), colorSpace='rgb', contrast=1.0, depth=0.0, draggable=False, flipHoriz=False, flipVert=False, font='Open Sans', fontFiles=[], height=20.0, italic=False, languageStyle='LTR', name='learn_start_text', opacity=1, ori=0.0, pos=array([0., 0.]), rgb=UNKNOWN, text="Press 'space' to start the experiment.", units='pix', win=Window(...), wrapWidth=500)
10.6064 	EXP 	Created line_learn = Line(__class__=<class 'psychopy.visual.line.Line'>, anchor=('center', 'bottom'), autoDraw=False, autoLog=True, closeShape=False, color=array([-1., -1., -1.]), colorSpace='rgb', contrast=None, depth=0.0, draggable=False, fillColor=array([0, 0, 0]), fillColorSpace='rgb', fillRGB=array([0, 0, 0]), interpolate=True, lineColor=array([-1., -1., -1.]), lineColorSpace='rgb', lineRGB=array([-1., -1., -1.]), lineWidth=2, name='line_learn', opacity=1, ori=0.0, pos=array([0., 0.]), size=array([1., 1.]), units='pix', vertices=array([[-0.5, -0.5],
       [ 0.5,  0.5]]), win=Window(...), windingRule=None)
10.6141 	EXP 	Created learn_prompt = TextStim(__class__=<class 'psychopy.visual.text.TextStim'>, alignHoriz=method-wrapper(...), alignText='center', alignVert=method-wrapper(...), anchorHoriz='center', anchorVert='center', antialias=True, autoDraw=False, autoLog=True, bold=False, color=array([-1., -1., -1.]), colorSpace='rgb', contrast=1.0, depth=-1.0, draggable=False, flipHoriz=False, flipVert=False, font='Open Sans', fontFiles=[], height=20.0, italic=False, languageStyle='LTR', name='learn_prompt', opacity=1, ori=0.0, pos=array([   0., -100.]), rgb=UNKNOWN, text=str(...), units='pix', win=Window(...), wrapWidth=500)
10.6158 	EXP 	Created learn_feedback_text_display = TextStim(__class__=<class 'psychopy.visual.text.TextStim'>, alignHoriz=method-wrapper(...), alignText='center', alignVert=method-wrapper(...), anchorHoriz='center', anchorVert='center', antialias=True, autoDraw=False, autoLog=True, bold=False, color=array([1., 1., 1.]), colorSpace='rgb', contrast=1.0, depth=-1.0, draggable=False, flipHoriz=False, flipVert=False, font='Open Sans', fontFiles=[], height=20.0, italic=False, languageStyle='LTR', name='learn_feedback_text_display', opacity=1, ori=0.0, pos=array([   0., -100.]), rgb=UNKNOWN, text='', units='pix', win=Window(...), wrapWidth=500)
10.6199 	EXP 	Created line_for_feedback = Line(__class__=<class 'psychopy.visual.line.Line'>, anchor=('center', 'bottom'), autoDraw=False, autoLog=True, closeShape=False, color=array([-1., -1., -1.]), colorSpace='rgb', contrast=None, depth=-2.0, draggable=False, fillColor=array([0, 0, 0]), fillColorSpace='rgb', fillRGB=array([0, 0, 0]), interpolate=True, lineColor=array([-1., -1., -1.]), lineColorSpace='rgb', lineRGB=array([-1., -1., -1.]), lineWidth=2, name='line_for_feedback', opacity=1, ori=0.0, pos=array([0., 0.]), size=array([1., 1.]), units='pix', vertices=array([[-0.5, -0.5],
       [ 0.5,  0.5]]), win=Window(...), windingRule=None)
10.6254 	EXP 	Created blank_200 = TextStim(__class__=<class 'psychopy.visual.text.TextStim'>, alignHoriz=method-wrapper(...), alignText='center', alignVert=method-wrapper(...), anchorHoriz='center', anchorVert='center', antialias=True, autoDraw=False, autoLog=True, bold=False, color=array([1., 1., 1.]), colorSpace='rgb', contrast=1.0, depth=0.0, draggable=False, flipHoriz=False, flipVert=False, font='Open Sans', fontFiles=[], height=0.05, italic=False, languageStyle='LTR', name='blank_200', opacity=1, ori=0.0, pos=array([0., 0.]), rgb=UNKNOWN, text='', units='pix', win=Window(...), wrapWidth=500)
10.6411 	EXP 	Created tinstr1_1 = TextStim(__class__=<class 'psychopy.visual.text.TextStim'>, alignHoriz=method-wrapper(...), alignText='center', alignVert=method-wrapper(...), anchorHoriz='center', anchorVert='center', antialias=True, autoDraw=False, autoLog=True, bold=False, color=array([-1., -1., -1.]), colorSpace='rgb', contrast=1.0, depth=0.0, draggable=False, flipHoriz=False, flipVert=False, font='Open Sans', fontFiles=[], height=20.0, italic=False, languageStyle='LTR', name='tinstr1_1', opacity=1, ori=0.0, pos=array([0., 0.]), rgb=UNKNOWN, text=str(...), units='pix', win=Window(...), wrapWidth=500)
10.6572 	EXP 	Created tinstr2_1 = TextStim(__class__=<class 'psychopy.visual.text.TextStim'>, alignHoriz=method-wrapper(...), alignText='center', alignVert=method-wrapper(...), anchorHoriz='center', anchorVert='center', antialias=True, autoDraw=False, autoLog=True, bold=False, color=array([-1., -1., -1.]), colorSpace='rgb', contrast=1.0, depth=0.0, draggable=False, flipHoriz=False, flipVert=False, font='Open Sans', fontFiles=[], height=35.0, italic=False, languageStyle='LTR', name='tinstr2_1', opacity=1, ori=0.0, pos=array([  0., 400.]), rgb=UNKNOWN, text="Using what you've learned", units='pix', win=Window(...), wrapWidth=500)
10.6751 	EXP 	Created tinstr2_2 = TextStim(__class__=<class 'psychopy.visual.text.TextStim'>, alignHoriz=method-wrapper(...), alignText='center', alignVert=method-wrapper(...), anchorHoriz='center', anchorVert='center', antialias=True, autoDraw=False, autoLog=True, bold=False, color=array([-1., -1., -1.]), colorSpace='rgb', contrast=1.0, depth=-1.0, draggable=False, flipHoriz=False, flipVert=False, font='Open Sans', fontFiles=[], height=20.0, italic=False, languageStyle='LTR', name='tinstr2_2', opacity=1, ori=0.0, pos=array([  0., 200.]), rgb=UNKNOWN, text=str(...), units='pix', win=Window(...), wrapWidth=500)
10.6889 	EXP 	Created tinstr2_3 = TextStim(__class__=<class 'psychopy.visual.text.TextStim'>, alignHoriz=method-wrapper(...), alignText='center', alignVert=method-wrapper(...), anchorHoriz='center', anchorVert='center', antialias=True, autoDraw=False, autoLog=True, bold=False, color=array([-1., -1., -1.]), colorSpace='rgb', contrast=1.0, depth=-2.0, draggable=False, flipHoriz=False, flipVert=False, font='Open Sans', fontFiles=[], height=20.0, italic=False, languageStyle='LTR', name='tinstr2_3', opacity=1, ori=0.0, pos=array([0., 0.]), rgb=UNKNOWN, text=str(...), units='pix', win=Window(...), wrapWidth=500)
10.6954 	EXP 	Created tinstr2_4 = TextStim(__class__=<class 'psychopy.visual.text.TextStim'>, alignHoriz=method-wrapper(...), alignText='center', alignVert=method-wrapper(...), anchorHoriz='center', anchorVert='center', antialias=True, autoDraw=False, autoLog=True, bold=False, color=array([-1., -1., -1.]), colorSpace='rgb', contrast=1.0, depth=-3.0, draggable=False, flipHoriz=False, flipVert=False, font='Open Sans', fontFiles=[], height=20.0, italic=False, languageStyle='LTR', name='tinstr2_4', opacity=1, ori=0.0, pos=array([   0., -100.]), rgb=UNKNOWN, text='Please remember to try your best.', units='pix', win=Window(...), wrapWidth=500)
10.7026 	EXP 	Created tinstr2_5 = TextStim(__class__=<class 'psychopy.visual.text.TextStim'>, alignHoriz=method-wrapper(...), alignText='center', alignVert=method-wrapper(...), anchorHoriz='center', anchorVert='center', antialias=True, autoDraw=False, autoLog=True, bold=False, color=array([-1., -1., -1.]), colorSpace='rgb', contrast=1.0, depth=-4.0, draggable=False, flipHoriz=False, flipVert=False, font='Open Sans', fontFiles=[], height=20.0, italic=False, languageStyle='LTR', name='tinstr2_5', opacity=1, ori=0.0, pos=array([   0., -200.]), rgb=UNKNOWN, text=str(...), units='pix', win=Window(...), wrapWidth=500)
10.7095 	EXP 	Created tinstr3_1 = TextStim(__class__=<class 'psychopy.visual.text.TextStim'>, alignHoriz=method-wrapper(...), alignText='center', alignVert=method-wrapper(...), anchorHoriz='center', anchorVert='center', antialias=True, autoDraw=False, autoLog=True, bold=False, color=array([-1., -1., -1.]), colorSpace='rgb', contrast=1.0, depth=0.0, draggable=False, flipHoriz=False, flipVert=False, font='Open Sans', fontFiles=[], height=20.0, italic=False, languageStyle='LTR', name='tinstr3_1', opacity=1, ori=0.0, pos=array([   0., -100.]), rgb=UNKNOWN, text=str(...), units='pix', win=Window(...), wrapWidth=500)
10.7129 	EXP 	Created line_1_trinary = Line(__class__=<class 'psychopy.visual.line.Line'>, anchor=('center', 'bottom'), autoDraw=False, autoLog=True, closeShape=False, color=array([-1., -1., -1.]), colorSpace='rgb', contrast=None, depth=0.0, draggable=False, fillColor=array([0, 0, 0]), fillColorSpace='rgb', fillRGB=array([0, 0, 0]), interpolate=True, lineColor=array([-1., -1., -1.]), lineColorSpace='rgb', lineRGB=array([-1, -1, -1]), lineWidth=2, name='line_1_trinary', opacity=1, ori=0.0, pos=array([0., 0.]), size=array([1., 1.]), units='pix', vertices=array([[-0.5, -0.5],
       [ 0.5,  0.5]]), win=Window(...), windingRule=None)
10.7161 	EXP 	Created line_2_trinary = Line(__class__=<class 'psychopy.visual.line.Line'>, anchor=('center', 'bottom'), autoDraw=False, autoLog=True, closeShape=False, color=array([-1., -1., -1.]), colorSpace='rgb', contrast=None, depth=-1.0, draggable=False, fillColor=array([0, 0, 0]), fillColorSpace='rgb', fillRGB=array([0, 0, 0]), interpolate=True, lineColor=array([-1., -1., -1.]), lineColorSpace='rgb', lineRGB=array([-1, -1, -1]), lineWidth=2, name='line_2_trinary', opacity=1, ori=0.0, pos=array([0., 0.]), size=array([1., 1.]), units='pix', vertices=array([[-0.5, -0.5],
       [ 0.5,  0.5]]), win=Window(...), windingRule=None)
10.7193 	EXP 	Created line_3_trinary = Line(__class__=<class 'psychopy.visual.line.Line'>, anchor=('center', 'bottom'), autoDraw=False, autoLog=True, closeShape=False, color=array([-1., -1., -1.]), colorSpace='rgb', contrast=None, depth=-2.0, draggable=False, fillColor=array([0, 0, 0]), fillColorSpace='rgb', fillRGB=array([0, 0, 0]), interpolate=True, lineColor=array([-1., -1., -1.]), lineColorSpace='rgb', lineRGB=array([-1, -1, -1]), lineWidth=2, name='line_3_trinary', opacity=1, ori=0.0, pos=array([0., 0.]), size=array([1., 1.]), units='pix', vertices=array([[-0.5, -0.5],
       [ 0.5,  0.5]]), win=Window(...), windingRule=None)
10.7241 	EXP 	Created line_1_trinary_label = TextStim(__class__=<class 'psychopy.visual.text.TextStim'>, alignHoriz=method-wrapper(...), alignText='center', alignVert=method-wrapper(...), anchorHoriz='center', anchorVert='center', antialias=True, autoDraw=False, autoLog=True, bold=False, color=array([-1., -1., -1.]), colorSpace='rgb', contrast=1.0, depth=-4.0, draggable=False, flipHoriz=False, flipVert=False, font='Open Sans', fontFiles=[], height=20.0, italic=False, languageStyle='LTR', name='line_1_trinary_label', opacity=1, ori=0.0, pos=array([-200.,  -30.]), rgb=UNKNOWN, text='J', units='pix', win=Window(...), wrapWidth=500)
10.7285 	EXP 	Created line_2_trinary_label = TextStim(__class__=<class 'psychopy.visual.text.TextStim'>, alignHoriz=method-wrapper(...), alignText='center', alignVert=method-wrapper(...), anchorHoriz='center', anchorVert='center', antialias=True, autoDraw=False, autoLog=True, bold=False, color=array([-1., -1., -1.]), colorSpace='rgb', contrast=1.0, depth=-5.0, draggable=False, flipHoriz=False, flipVert=False, font='Open Sans', fontFiles=[], height=20.0, italic=False, languageStyle='LTR', name='line_2_trinary_label', opacity=1, ori=0.0, pos=array([  0., -30.]), rgb=UNKNOWN, text='K', units='pix', win=Window(...), wrapWidth=500)
10.7328 	EXP 	Created line_3_trinary_label = TextStim(__class__=<class 'psychopy.visual.text.TextStim'>, alignHoriz=method-wrapper(...), alignText='center', alignVert=method-wrapper(...), anchorHoriz='center', anchorVert='center', antialias=True, autoDraw=False, autoLog=True, bold=False, color=array([-1., -1., -1.]), colorSpace='rgb', contrast=1.0, depth=-6.0, draggable=False, flipHoriz=False, flipVert=False, font='Open Sans', fontFiles=[], height=20.0, italic=False, languageStyle='LTR', name='line_3_trinary_label', opacity=1, ori=0.0, pos=array([200., -30.]), rgb=UNKNOWN, text='L', units='pix', win=Window(...), wrapWidth=500)
10.7410 	EXP 	Created transfer_trinary_prompt = TextStim(__class__=<class 'psychopy.visual.text.TextStim'>, alignHoriz=method-wrapper(...), alignText='center', alignVert=method-wrapper(...), anchorHoriz='center', anchorVert='center', antialias=True, autoDraw=False, autoLog=True, bold=False, color=array([-1., -1., -1.]), colorSpace='rgb', contrast=1.0, depth=-7.0, draggable=False, flipHoriz=False, flipVert=False, font='Open Sans', fontFiles=[], height=20.0, italic=False, languageStyle='LTR', name='transfer_trinary_prompt', opacity=1, ori=0.0, pos=array([   0., -150.]), rgb=UNKNOWN, text=str(...), units='pix', win=Window(...), wrapWidth=500)
10.7427 	EXP 	Created transfer_trinary_feedback_text_display = TextStim(__class__=<class 'psychopy.visual.text.TextStim'>, alignHoriz=method-wrapper(...), alignText='center', alignVert=method-wrapper(...), anchorHoriz='center', anchorVert='center', antialias=True, autoDraw=False, autoLog=True, bold=False, color=array([1., 1., 1.]), colorSpace='rgb', contrast=1.0, depth=-1.0, draggable=False, flipHoriz=False, flipVert=False, font='Open Sans', fontFiles=[], height=20.0, italic=False, languageStyle='LTR', name='transfer_trinary_feedback_text_display', opacity=1, ori=0.0, pos=array([0., 0.]), rgb=UNKNOWN, text='', units='pix', win=Window(...), wrapWidth=500)
10.7449 	EXP 	Created blank_200 = TextStim(__class__=<class 'psychopy.visual.text.TextStim'>, alignHoriz=method-wrapper(...), alignText='center', alignVert=method-wrapper(...), anchorHoriz='center', anchorVert='center', antialias=True, autoDraw=False, autoLog=True, bold=False, color=array([1., 1., 1.]), colorSpace='rgb', contrast=1.0, depth=0.0, draggable=False, flipHoriz=False, flipVert=False, font='Open Sans', fontFiles=[], height=0.05, italic=False, languageStyle='LTR', name='blank_200', opacity=1, ori=0.0, pos=array([0., 0.]), rgb=UNKNOWN, text='', units='pix', win=Window(...), wrapWidth=500)
10.7483 	EXP 	Created line_1_binary = Line(__class__=<class 'psychopy.visual.line.Line'>, anchor=('center', 'bottom'), autoDraw=False, autoLog=True, closeShape=False, color=array([-1., -1., -1.]), colorSpace='rgb', contrast=None, depth=0.0, draggable=False, fillColor=array([0, 0, 0]), fillColorSpace='rgb', fillRGB=array([0, 0, 0]), interpolate=True, lineColor=array([-1., -1., -1.]), lineColorSpace='rgb', lineRGB=array([-1, -1, -1]), lineWidth=2, name='line_1_binary', opacity=1, ori=0.0, pos=array([0., 0.]), size=array([1., 1.]), units='pix', vertices=array([[-0.5, -0.5],
       [ 0.5,  0.5]]), win=Window(...), windingRule=None)
10.7515 	EXP 	Created line_2_binary = Line(__class__=<class 'psychopy.visual.line.Line'>, anchor=('center', 'bottom'), autoDraw=False, autoLog=True, closeShape=False, color=array([-1., -1., -1.]), colorSpace='rgb', contrast=None, depth=-1.0, draggable=False, fillColor=array([0, 0, 0]), fillColorSpace='rgb', fillRGB=array([0, 0, 0]), interpolate=True, lineColor=array([-1., -1., -1.]), lineColorSpace='rgb', lineRGB=array([-1, -1, -1]), lineWidth=2, name='line_2_binary', opacity=1, ori=0.0, pos=array([0., 0.]), size=array([1., 1.]), units='pix', vertices=array([[-0.5, -0.5],
       [ 0.5,  0.5]]), win=Window(...), windingRule=None)
10.7547 	EXP 	Created line_1_label_binary = TextStim(__class__=<class 'psychopy.visual.text.TextStim'>, alignHoriz=method-wrapper(...), alignText='center', alignVert=method-wrapper(...), anchorHoriz='center', anchorVert='center', antialias=True, autoDraw=False, autoLog=True, bold=False, color=array([-1., -1., -1.]), colorSpace='rgb', contrast=1.0, depth=-2.0, draggable=False, flipHoriz=False, flipVert=False, font='Open Sans', fontFiles=[], height=20.0, italic=False, languageStyle='LTR', name='line_1_label_binary', opacity=1, ori=0.0, pos=array([-100.,  -30.]), rgb=UNKNOWN, text='J', units='pix', win=Window(...), wrapWidth=500)
10.7578 	EXP 	Created line_2_label_binary = TextStim(__class__=<class 'psychopy.visual.text.TextStim'>, alignHoriz=method-wrapper(...), alignText='center', alignVert=method-wrapper(...), anchorHoriz='center', anchorVert='center', antialias=True, autoDraw=False, autoLog=True, bold=False, color=array([-1., -1., -1.]), colorSpace='rgb', contrast=1.0, depth=-3.0, draggable=False, flipHoriz=False, flipVert=False, font='Open Sans', fontFiles=[], height=20.0, italic=False, languageStyle='LTR', name='line_2_label_binary', opacity=1, ori=0.0, pos=array([100., -30.]), rgb=UNKNOWN, text='K', units='pix', win=Window(...), wrapWidth=500)
10.7648 	EXP 	Created transfer_binary_prompt = TextStim(__class__=<class 'psychopy.visual.text.TextStim'>, alignHoriz=method-wrapper(...), alignText='center', alignVert=method-wrapper(...), anchorHoriz='center', anchorVert='center', antialias=True, autoDraw=False, autoLog=True, bold=False, color=array([-1., -1., -1.]), colorSpace='rgb', contrast=1.0, depth=-4.0, draggable=False, flipHoriz=False, flipVert=False, font='Open Sans', fontFiles=[], height=20.0, italic=False, languageStyle='LTR', name='transfer_binary_prompt', opacity=1, ori=0.0, pos=array([   0., -150.]), rgb=UNKNOWN, text=str(...), units='pix', win=Window(...), wrapWidth=500)
10.7666 	EXP 	Created transfer_binary_feedback_text_display = TextStim(__class__=<class 'psychopy.visual.text.TextStim'>, alignHoriz=method-wrapper(...), alignText='center', alignVert=method-wrapper(...), anchorHoriz='center', anchorVert='center', antialias=True, autoDraw=False, autoLog=True, bold=False, color=array([1., 1., 1.]), colorSpace='rgb', contrast=1.0, depth=-1.0, draggable=False, flipHoriz=False, flipVert=False, font='Open Sans', fontFiles=[], height=20.0, italic=False, languageStyle='LTR', name='transfer_binary_feedback_text_display', opacity=1, ori=0.0, pos=array([   0., -150.]), rgb=UNKNOWN, text='', units='pix', win=Window(...), wrapWidth=500)
10.7690 	EXP 	Created blank_200 = TextStim(__class__=<class 'psychopy.visual.text.TextStim'>, alignHoriz=method-wrapper(...), alignText='center', alignVert=method-wrapper(...), anchorHoriz='center', anchorVert='center', antialias=True, autoDraw=False, autoLog=True, bold=False, color=array([1., 1., 1.]), colorSpace='rgb', contrast=1.0, depth=0.0, draggable=False, flipHoriz=False, flipVert=False, font='Open Sans', fontFiles=[], height=0.05, italic=False, languageStyle='LTR', name='blank_200', opacity=1, ori=0.0, pos=array([0., 0.]), rgb=UNKNOWN, text='', units='pix', win=Window(...), wrapWidth=500)
10.7770 	EXP 	Created exp_finished_txt1 = TextStim(__class__=<class 'psychopy.visual.text.TextStim'>, alignHoriz=method-wrapper(...), alignText='center', alignVert=method-wrapper(...), anchorHoriz='center', anchorVert='center', antialias=True, autoDraw=False, autoLog=True, bold=False, color=array([-1., -1., -1.]), colorSpace='rgb', contrast=1.0, depth=0.0, draggable=False, flipHoriz=False, flipVert=False, font='Open Sans', fontFiles=[], height=20.0, italic=False, languageStyle='LTR', name='exp_finished_txt1', opacity=1, ori=0.0, pos=array([  0., 400.]), rgb=UNKNOWN, text=str(...), units='pix', win=Window(...), wrapWidth=500)
10.7910 	EXP 	Created exp_finished_txt2 = TextStim(__class__=<class 'psychopy.visual.text.TextStim'>, alignHoriz=method-wrapper(...), alignText='center', alignVert=method-wrapper(...), anchorHoriz='center', anchorVert='center', antialias=True, autoDraw=False, autoLog=True, bold=False, color=array([-1., -1., -1.]), colorSpace='rgb', contrast=1.0, depth=-1.0, draggable=False, flipHoriz=False, flipVert=False, font='Open Sans', fontFiles=[], height=20.0, italic=False, languageStyle='LTR', name='exp_finished_txt2', opacity=1, ori=0.0, pos=array([  0., 200.]), rgb=UNKNOWN, text=str(...), units='pix', win=Window(...), wrapWidth=500)
10.7971 	EXP 	Created exp_finished_txt3 = TextStim(__class__=<class 'psychopy.visual.text.TextStim'>, alignHoriz=method-wrapper(...), alignText='center', alignVert=method-wrapper(...), anchorHoriz='center', anchorVert='center', antialias=True, autoDraw=False, autoLog=True, bold=False, color=array([1., 1., 1.]), colorSpace='rgb', contrast=1.0, depth=-2.0, draggable=False, flipHoriz=False, flipVert=False, font='Open Sans', fontFiles=[], height=20.0, italic=False, languageStyle='LTR', name='exp_finished_txt3', opacity=1, ori=0.0, pos=array([0., 0.]), rgb=UNKNOWN, text="Press 'space' to read the debriefing form.", units='pix', win=Window(...), wrapWidth=500)
10.8592 	EXP 	Created debrief_form = ImageStim(__class__=<class 'psychopy.visual.image.ImageStim'>, anchor=('center', 'bottom'), autoLog=True, color=array([1., 1., 1.]), colorSpace='rgb', contrast=1.0, depth=0.0, draggable=False, flipHoriz=False, flipVert=False, image='Judg_choice_debrief.png', interpolate=True, mask=None, maskParams=None, name='debrief_form', opacity=1, ori=0.0, pos=array([   0., -500.]), size=array([ 800., 1000.]), texRes=128.0, units='pix', win=Window(...))
0.0403 	EXP 	consent_img: autoDraw = True
2.5213 	DATA 	Mouse: Left button down, pos=(199,513)
2.6273 	DATA 	Mouse:  Left button up, pos=(199,513)
4.1778 	DATA 	Keypress: escape
4.6762 	DATA 	Keypress: escape
4.7014 	DATA 	Keypress: escape
4.7268 	DATA 	Keypress: escape
4.7611 	DATA 	Keypress: escape
4.7864 	DATA 	Keypress: escape
4.8276 	DATA 	Keypress: escape
4.8531 	DATA 	Keypress: escape
4.8780 	DATA 	Keypress: escape
4.9115 	DATA 	Keypress: escape
4.9523 	DATA 	Keypress: escape
4.9777 	DATA 	Keypress: escape
5.0033 	DATA 	Keypress: escape
5.0287 	DATA 	Keypress: escape
5.0631 	DATA 	Keypress: escape
5.0881 	DATA 	Keypress: escape
5.1288 	DATA 	Keypress: escape
5.1532 	DATA 	Keypress: escape
5.1868 	DATA 	Keypress: escape
5.2121 	DATA 	Keypress: escape
5.2534 	DATA 	Keypress: escape
5.2788 	DATA 	Keypress: escape
5.3039 	DATA 	Keypress: escape
5.3297 	DATA 	Keypress: escape
5.3717 	DATA 	Keypress: escape
5.4010 	DATA 	Keypress: escape
5.4302 	DATA 	Keypress: escape
5.4555 	DATA 	Keypress: escape
5.4806 	DATA 	Keypress: escape
5.5215 	DATA 	Keypress: escape
5.5459 	DATA 	Keypress: escape
5.5708 	DATA 	Keypress: escape
5.6055 	DATA 	Keypress: escape
5.6307 	DATA 	Keypress: escape
5.6719 	DATA 	Keypress: escape
5.6962 	DATA 	Keypress: escape
5.7209 	DATA 	Keypress: escape
5.7554 	DATA 	Keypress: escape
5.7808 	DATA 	Keypress: escape
7.3297 	DATA 	Mouse: Left button down, pos=(175,1080)
7.4451 	DATA 	Mouse:  Left button up, pos=(175,1080)
7.5115 	DATA 	Mouse: Left button down, pos=(176,1080)
7.5902 	DATA 	Mouse:  Left button up, pos=(176,1080)
7.6523 	DATA 	Mouse: Left button down, pos=(176,1080)
7.6943 	DATA 	Mouse:  Left button up, pos=(176,1080)
8.0257 	DATA 	Mouse: Right button down, pos=(827,1080)
8.1739 	DATA 	Mouse:  Right button up, pos=(827,1080)
8.7216 	DATA 	Mouse: Left button down, pos=(1870,1080)
9.1005 	DATA 	Mouse:  Left button up, pos=(1701,761)
10.3536 	DATA 	Mouse: Left button down, pos=(1031,19)
10.3734 	INFO 	saved data to /home/shop/experiments/line_categorization_experiment/data/_line_categorization_exp_updated_2025-04-15_12h49.34.365.psydat
10.3739 	INFO 	saved data to '/home/shop/experiments/line_categorization_experiment/data/_line_categorization_exp_updated_2025-04-15_12h49.34.365.csv'
10.3813 	WARNING 	Stopping key buffers but this could be dangerous ifother keyboards rely on the same.
10.3820 	WARNING 	Stopping key buffers but this could be dangerous ifother keyboards rely on the same.
10.3820 	WARNING 	Stopping key buffers but this could be dangerous ifother keyboards rely on the same.
10.3821 	WARNING 	Stopping key buffers but this could be dangerous ifother keyboards rely on the same.
10.3821 	WARNING 	Stopping key buffers but this could be dangerous ifother keyboards rely on the same.
10.3821 	WARNING 	Stopping key buffers but this could be dangerous ifother keyboards rely on the same.
10.3822 	WARNING 	Stopping key buffers but this could be dangerous ifother keyboards rely on the same.
10.3822 	WARNING 	Stopping key buffers but this could be dangerous ifother keyboards rely on the same.
10.3822 	WARNING 	Stopping key buffers but this could be dangerous ifother keyboards rely on the same.
10.3822 	WARNING 	Stopping key buffers but this could be dangerous ifother keyboards rely on the same.
10.3823 	WARNING 	Stopping key buffers but this could be dangerous ifother keyboards rely on the same.
10.3823 	WARNING 	Stopping key buffers but this could be dangerous ifother keyboards rely on the same.
10.3823 	WARNING 	Stopping key buffers but this could be dangerous ifother keyboards rely on the same.
10.3823 	WARNING 	Stopping key buffers but this could be dangerous ifother keyboards rely on the same.
10.3823 	WARNING 	Stopping key buffers but this could be dangerous ifother keyboards rely on the same.
10.3824 	WARNING 	Stopping key buffers but this could be dangerous ifother keyboards rely on the same.
